<?xml version="1.0" encoding="UTF-8"?>
<!-- Generated by org.testng.reporters.JUnitReportReporter -->
<testsuite skipped="0" hostname="6a2fe95d85e0" name="scripts.TestChrome" tests="1" failures="0" timestamp="2021-06-10T13:09:01 GMT" time="33.249" errors="0">
  <testcase name="sample" time="33.249" classname="scripts.TestChrome"/>
  <system-out/>
</testsuite> <!-- scripts.TestChrome -->
